<?xml version="1.0" encoding="UTF-8"?>
<!-- Generated by org.testng.reporters.JUnitReportReporter -->
<testsuite hostname="sagar" failures="0" tests="4" name="test_suite.testNG2" time="0.003" errors="0" timestamp="2022-11-29T14:05:41 IST" skipped="0">
  <testcase classname="test_suite.testNG2" name="test13" time="0.000"/>
  <system-out/>
  <testcase classname="test_suite.testNG2" name="test11" time="0.000"/>
  <system-out/>
  <testcase classname="test_suite.testNG2" name="test12" time="0.001"/>
  <system-out/>
  <testcase classname="test_suite.testNG2" name="test14" time="0.002"/>
  <system-out/>
</testsuite> <!-- test_suite.testNG2 -->
