<?xml version="1.0" encoding="UTF-8"?>
<!-- Generated by org.testng.reporters.JUnitReportReporter -->
<testsuite hostname="sagar" failures="0" tests="4" name="test_suite.testNG1" time="0.007" errors="0" timestamp="2022-11-29T14:05:41 IST" skipped="0">
  <testcase classname="test_suite.testNG1" name="test01" time="0.004"/>
  <system-out/>
  <testcase classname="test_suite.testNG1" name="test03" time="0.001"/>
  <system-out/>
  <testcase classname="test_suite.testNG1" name="test02" time="0.001"/>
  <system-out/>
  <testcase classname="test_suite.testNG1" name="test04" time="0.001"/>
  <system-out/>
</testsuite> <!-- test_suite.testNG1 -->
