<?xml version="1.0" encoding="UTF-8"?>
<!-- Generated by org.testng.reporters.JUnitReportReporter -->
<testsuite hostname="sagar" failures="0" tests="4" name="Testing.testNG_check" time="0.013" errors="0" timestamp="2022-10-07T23:34:15 IST" skipped="0">
  <testcase classname="Testing.testNG_check" name="test3" time="0.008"/>
  <system-out/>
  <testcase classname="Testing.testNG_check" name="test4" time="0.002"/>
  <system-out/>
  <testcase classname="Testing.testNG_check" name="test2" time="0.002"/>
  <system-out/>
  <testcase classname="Testing.testNG_check" name="test1" time="0.001"/>
  <system-out/>
</testsuite> <!-- Testing.testNG_check -->
